Processing domain 1 of 2
 Processing 1984-01-01_06
    IM/NorESM2-MM
 Processing 1984-01-01_12
    IM/NorESM2-MM
 Processing 1984-01-01_18
    IM/NorESM2-MM
 Processing 1984-01-02_00
    IM/NorESM2-MM
 Processing 1984-01-02_06
    IM/NorESM2-MM
 Processing 1984-01-02_12
    IM/NorESM2-MM
 Processing 1984-01-02_18
    IM/NorESM2-MM
 Processing 1984-01-03_00
    IM/NorESM2-MM
 Processing 1984-01-03_06
    IM/NorESM2-MM
 Processing 1984-01-03_12
    IM/NorESM2-MM
 Processing 1984-01-03_18
    IM/NorESM2-MM
 Processing 1984-01-04_00
    IM/NorESM2-MM
 Processing 1984-01-04_06
    IM/NorESM2-MM
 Processing 1984-01-04_12
    IM/NorESM2-MM
 Processing 1984-01-04_18
    IM/NorESM2-MM
 Processing 1984-01-05_00
    IM/NorESM2-MM
 Processing 1984-01-05_06
    IM/NorESM2-MM
 Processing 1984-01-05_12
    IM/NorESM2-MM
 Processing 1984-01-05_18
    IM/NorESM2-MM
 Processing 1984-01-06_00
    IM/NorESM2-MM
 Processing 1984-01-06_06
    IM/NorESM2-MM
 Processing 1984-01-06_12
    IM/NorESM2-MM
 Processing 1984-01-06_18
    IM/NorESM2-MM
 Processing 1984-01-07_00
    IM/NorESM2-MM
 Processing 1984-01-07_06
    IM/NorESM2-MM
 Processing 1984-01-07_12
    IM/NorESM2-MM
 Processing 1984-01-07_18
    IM/NorESM2-MM
 Processing 1984-01-08_00
    IM/NorESM2-MM
 Processing 1984-01-08_06
    IM/NorESM2-MM
 Processing 1984-01-08_12
    IM/NorESM2-MM
 Processing 1984-01-08_18
    IM/NorESM2-MM
 Processing 1984-01-09_00
    IM/NorESM2-MM
 Processing 1984-01-09_06
    IM/NorESM2-MM
 Processing 1984-01-09_12
    IM/NorESM2-MM
 Processing 1984-01-09_18
    IM/NorESM2-MM
 Processing 1984-01-10_00
    IM/NorESM2-MM
 Processing 1984-01-10_06
    IM/NorESM2-MM
 Processing 1984-01-10_12
    IM/NorESM2-MM
 Processing 1984-01-10_18
    IM/NorESM2-MM
 Processing 1984-01-11_00
    IM/NorESM2-MM
 Processing 1984-01-11_06
    IM/NorESM2-MM
 Processing 1984-01-11_12
    IM/NorESM2-MM
 Processing 1984-01-11_18
    IM/NorESM2-MM
 Processing 1984-01-12_00
    IM/NorESM2-MM
 Processing 1984-01-12_06
    IM/NorESM2-MM
 Processing 1984-01-12_12
    IM/NorESM2-MM
 Processing 1984-01-12_18
    IM/NorESM2-MM
 Processing 1984-01-13_00
    IM/NorESM2-MM
 Processing 1984-01-13_06
    IM/NorESM2-MM
 Processing 1984-01-13_12
    IM/NorESM2-MM
 Processing 1984-01-13_18
    IM/NorESM2-MM
 Processing 1984-01-14_00
    IM/NorESM2-MM
 Processing 1984-01-14_06
    IM/NorESM2-MM
 Processing 1984-01-14_12
    IM/NorESM2-MM
 Processing 1984-01-14_18
    IM/NorESM2-MM
 Processing 1984-01-15_00
    IM/NorESM2-MM
 Processing 1984-01-15_06
    IM/NorESM2-MM
 Processing 1984-01-15_12
    IM/NorESM2-MM
 Processing 1984-01-15_18
    IM/NorESM2-MM
 Processing 1984-01-16_00
    IM/NorESM2-MM
 Processing 1984-01-16_06
    IM/NorESM2-MM
 Processing 1984-01-16_12
    IM/NorESM2-MM
 Processing 1984-01-16_18
    IM/NorESM2-MM
 Processing 1984-01-17_00
    IM/NorESM2-MM
 Processing 1984-01-17_06
    IM/NorESM2-MM
 Processing 1984-01-17_12
    IM/NorESM2-MM
 Processing 1984-01-17_18
    IM/NorESM2-MM
 Processing 1984-01-18_00
    IM/NorESM2-MM
 Processing 1984-01-18_06
    IM/NorESM2-MM
 Processing 1984-01-18_12
    IM/NorESM2-MM
 Processing 1984-01-18_18
    IM/NorESM2-MM
 Processing 1984-01-19_00
    IM/NorESM2-MM
 Processing 1984-01-19_06
    IM/NorESM2-MM
 Processing 1984-01-19_12
    IM/NorESM2-MM
 Processing 1984-01-19_18
    IM/NorESM2-MM
 Processing 1984-01-20_00
    IM/NorESM2-MM
 Processing 1984-01-20_06
    IM/NorESM2-MM
 Processing 1984-01-20_12
    IM/NorESM2-MM
 Processing 1984-01-20_18
    IM/NorESM2-MM
 Processing 1984-01-21_00
    IM/NorESM2-MM
 Processing 1984-01-21_06
    IM/NorESM2-MM
 Processing 1984-01-21_12
    IM/NorESM2-MM
 Processing 1984-01-21_18
    IM/NorESM2-MM
 Processing 1984-01-22_00
    IM/NorESM2-MM
 Processing 1984-01-22_06
    IM/NorESM2-MM
 Processing 1984-01-22_12
    IM/NorESM2-MM
 Processing 1984-01-22_18
    IM/NorESM2-MM
 Processing 1984-01-23_00
    IM/NorESM2-MM
 Processing 1984-01-23_06
    IM/NorESM2-MM
 Processing 1984-01-23_12
    IM/NorESM2-MM
 Processing 1984-01-23_18
    IM/NorESM2-MM
 Processing 1984-01-24_00
    IM/NorESM2-MM
 Processing 1984-01-24_06
    IM/NorESM2-MM
 Processing 1984-01-24_12
    IM/NorESM2-MM
 Processing 1984-01-24_18
    IM/NorESM2-MM
 Processing 1984-01-25_00
    IM/NorESM2-MM
 Processing 1984-01-25_06
    IM/NorESM2-MM
 Processing 1984-01-25_12
    IM/NorESM2-MM
 Processing 1984-01-25_18
    IM/NorESM2-MM
 Processing 1984-01-26_00
    IM/NorESM2-MM
 Processing 1984-01-26_06
    IM/NorESM2-MM
 Processing 1984-01-26_12
    IM/NorESM2-MM
 Processing 1984-01-26_18
    IM/NorESM2-MM
 Processing 1984-01-27_00
    IM/NorESM2-MM
 Processing 1984-01-27_06
    IM/NorESM2-MM
 Processing 1984-01-27_12
    IM/NorESM2-MM
 Processing 1984-01-27_18
    IM/NorESM2-MM
 Processing 1984-01-28_00
    IM/NorESM2-MM
 Processing 1984-01-28_06
    IM/NorESM2-MM
 Processing 1984-01-28_12
    IM/NorESM2-MM
 Processing 1984-01-28_18
    IM/NorESM2-MM
 Processing 1984-01-29_00
    IM/NorESM2-MM
 Processing 1984-01-29_06
    IM/NorESM2-MM
 Processing 1984-01-29_12
    IM/NorESM2-MM
 Processing 1984-01-29_18
    IM/NorESM2-MM
 Processing 1984-01-30_00
    IM/NorESM2-MM
 Processing 1984-01-30_06
    IM/NorESM2-MM
 Processing 1984-01-30_12
    IM/NorESM2-MM
 Processing 1984-01-30_18
    IM/NorESM2-MM
 Processing 1984-01-31_00
    IM/NorESM2-MM
 Processing 1984-01-31_06
    IM/NorESM2-MM
 Processing 1984-01-31_12
    IM/NorESM2-MM
 Processing 1984-01-31_18
    IM/NorESM2-MM
 Processing 1984-02-01_00
    IM/NorESM2-MM
 Processing 1984-02-01_06
    IM/NorESM2-MM
 Processing 1984-02-01_12
    IM/NorESM2-MM
 Processing 1984-02-01_18
    IM/NorESM2-MM
 Processing 1984-02-02_00
    IM/NorESM2-MM
 Processing 1984-02-02_06
    IM/NorESM2-MM
 Processing 1984-02-02_12
    IM/NorESM2-MM
 Processing 1984-02-02_18
    IM/NorESM2-MM
 Processing 1984-02-03_00
    IM/NorESM2-MM
 Processing 1984-02-03_06
    IM/NorESM2-MM
 Processing 1984-02-03_12
    IM/NorESM2-MM
 Processing 1984-02-03_18
    IM/NorESM2-MM
 Processing 1984-02-04_00
    IM/NorESM2-MM
 Processing 1984-02-04_06
    IM/NorESM2-MM
 Processing 1984-02-04_12
    IM/NorESM2-MM
 Processing 1984-02-04_18
    IM/NorESM2-MM
 Processing 1984-02-05_00
    IM/NorESM2-MM
 Processing 1984-02-05_06
    IM/NorESM2-MM
 Processing 1984-02-05_12
    IM/NorESM2-MM
 Processing 1984-02-05_18
    IM/NorESM2-MM
 Processing 1984-02-06_00
    IM/NorESM2-MM
 Processing 1984-02-06_06
    IM/NorESM2-MM
 Processing 1984-02-06_12
    IM/NorESM2-MM
 Processing 1984-02-06_18
    IM/NorESM2-MM
 Processing 1984-02-07_00
    IM/NorESM2-MM
 Processing 1984-02-07_06
    IM/NorESM2-MM
 Processing 1984-02-07_12
    IM/NorESM2-MM
 Processing 1984-02-07_18
    IM/NorESM2-MM
 Processing 1984-02-08_00
    IM/NorESM2-MM
 Processing 1984-02-08_06
    IM/NorESM2-MM
 Processing 1984-02-08_12
    IM/NorESM2-MM
 Processing 1984-02-08_18
    IM/NorESM2-MM
 Processing 1984-02-09_00
    IM/NorESM2-MM
 Processing 1984-02-09_06
    IM/NorESM2-MM
 Processing 1984-02-09_12
    IM/NorESM2-MM
 Processing 1984-02-09_18
    IM/NorESM2-MM
 Processing 1984-02-10_00
    IM/NorESM2-MM
 Processing 1984-02-10_06
    IM/NorESM2-MM
 Processing 1984-02-10_12
    IM/NorESM2-MM
 Processing 1984-02-10_18
    IM/NorESM2-MM
 Processing 1984-02-11_00
    IM/NorESM2-MM
 Processing 1984-02-11_06
    IM/NorESM2-MM
 Processing 1984-02-11_12
    IM/NorESM2-MM
 Processing 1984-02-11_18
    IM/NorESM2-MM
 Processing 1984-02-12_00
    IM/NorESM2-MM
 Processing 1984-02-12_06
    IM/NorESM2-MM
 Processing 1984-02-12_12
    IM/NorESM2-MM
 Processing 1984-02-12_18
    IM/NorESM2-MM
 Processing 1984-02-13_00
    IM/NorESM2-MM
 Processing 1984-02-13_06
    IM/NorESM2-MM
 Processing 1984-02-13_12
    IM/NorESM2-MM
 Processing 1984-02-13_18
    IM/NorESM2-MM
 Processing 1984-02-14_00
    IM/NorESM2-MM
 Processing 1984-02-14_06
    IM/NorESM2-MM
 Processing 1984-02-14_12
    IM/NorESM2-MM
 Processing 1984-02-14_18
    IM/NorESM2-MM
 Processing 1984-02-15_00
    IM/NorESM2-MM
 Processing 1984-02-15_06
    IM/NorESM2-MM
 Processing 1984-02-15_12
    IM/NorESM2-MM
 Processing 1984-02-15_18
    IM/NorESM2-MM
 Processing 1984-02-16_00
    IM/NorESM2-MM
 Processing 1984-02-16_06
    IM/NorESM2-MM
 Processing 1984-02-16_12
    IM/NorESM2-MM
 Processing 1984-02-16_18
    IM/NorESM2-MM
 Processing 1984-02-17_00
    IM/NorESM2-MM
 Processing 1984-02-17_06
    IM/NorESM2-MM
 Processing 1984-02-17_12
    IM/NorESM2-MM
 Processing 1984-02-17_18
    IM/NorESM2-MM
 Processing 1984-02-18_00
    IM/NorESM2-MM
 Processing 1984-02-18_06
    IM/NorESM2-MM
 Processing 1984-02-18_12
    IM/NorESM2-MM
 Processing 1984-02-18_18
    IM/NorESM2-MM
 Processing 1984-02-19_00
    IM/NorESM2-MM
 Processing 1984-02-19_06
    IM/NorESM2-MM
 Processing 1984-02-19_12
    IM/NorESM2-MM
 Processing 1984-02-19_18
    IM/NorESM2-MM
 Processing 1984-02-20_00
    IM/NorESM2-MM
 Processing 1984-02-20_06
    IM/NorESM2-MM
 Processing 1984-02-20_12
    IM/NorESM2-MM
 Processing 1984-02-20_18
    IM/NorESM2-MM
 Processing 1984-02-21_00
    IM/NorESM2-MM
 Processing 1984-02-21_06
    IM/NorESM2-MM
 Processing 1984-02-21_12
    IM/NorESM2-MM
 Processing 1984-02-21_18
    IM/NorESM2-MM
 Processing 1984-02-22_00
    IM/NorESM2-MM
 Processing 1984-02-22_06
    IM/NorESM2-MM
 Processing 1984-02-22_12
    IM/NorESM2-MM
 Processing 1984-02-22_18
    IM/NorESM2-MM
 Processing 1984-02-23_00
    IM/NorESM2-MM
 Processing 1984-02-23_06
    IM/NorESM2-MM
 Processing 1984-02-23_12
    IM/NorESM2-MM
 Processing 1984-02-23_18
    IM/NorESM2-MM
 Processing 1984-02-24_00
    IM/NorESM2-MM
 Processing 1984-02-24_06
    IM/NorESM2-MM
 Processing 1984-02-24_12
    IM/NorESM2-MM
 Processing 1984-02-24_18
    IM/NorESM2-MM
 Processing 1984-02-25_00
    IM/NorESM2-MM
 Processing 1984-02-25_06
    IM/NorESM2-MM
 Processing 1984-02-25_12
    IM/NorESM2-MM
 Processing 1984-02-25_18
    IM/NorESM2-MM
 Processing 1984-02-26_00
    IM/NorESM2-MM
 Processing 1984-02-26_06
    IM/NorESM2-MM
 Processing 1984-02-26_12
    IM/NorESM2-MM
 Processing 1984-02-26_18
    IM/NorESM2-MM
 Processing 1984-02-27_00
    IM/NorESM2-MM
 Processing 1984-02-27_06
    IM/NorESM2-MM
 Processing 1984-02-27_12
    IM/NorESM2-MM
 Processing 1984-02-27_18
    IM/NorESM2-MM
 Processing 1984-02-28_00
    IM/NorESM2-MM
 Processing 1984-02-28_06
    IM/NorESM2-MM
 Processing 1984-02-28_12
    IM/NorESM2-MM
 Processing 1984-02-28_18
    IM/NorESM2-MM
 Processing 1984-03-01_00
    IM/NorESM2-MM
 Processing 1984-03-01_06
    IM/NorESM2-MM
 Processing 1984-03-01_12
    IM/NorESM2-MM
 Processing 1984-03-01_18
    IM/NorESM2-MM
 Processing 1984-03-02_00
    IM/NorESM2-MM
 Processing 1984-03-02_06
    IM/NorESM2-MM
 Processing 1984-03-02_12
    IM/NorESM2-MM
 Processing 1984-03-02_18
    IM/NorESM2-MM
 Processing 1984-03-03_00
    IM/NorESM2-MM
 Processing 1984-03-03_06
    IM/NorESM2-MM
 Processing 1984-03-03_12
    IM/NorESM2-MM
 Processing 1984-03-03_18
    IM/NorESM2-MM
 Processing 1984-03-04_00
    IM/NorESM2-MM
 Processing 1984-03-04_06
    IM/NorESM2-MM
 Processing 1984-03-04_12
    IM/NorESM2-MM
 Processing 1984-03-04_18
    IM/NorESM2-MM
 Processing 1984-03-05_00
    IM/NorESM2-MM
 Processing 1984-03-05_06
    IM/NorESM2-MM
 Processing 1984-03-05_12
    IM/NorESM2-MM
 Processing 1984-03-05_18
    IM/NorESM2-MM
 Processing 1984-03-06_00
    IM/NorESM2-MM
 Processing 1984-03-06_06
    IM/NorESM2-MM
 Processing 1984-03-06_12
    IM/NorESM2-MM
 Processing 1984-03-06_18
    IM/NorESM2-MM
 Processing 1984-03-07_00
    IM/NorESM2-MM
 Processing 1984-03-07_06
    IM/NorESM2-MM
 Processing 1984-03-07_12
    IM/NorESM2-MM
 Processing 1984-03-07_18
    IM/NorESM2-MM
 Processing 1984-03-08_00
    IM/NorESM2-MM
 Processing 1984-03-08_06
    IM/NorESM2-MM
 Processing 1984-03-08_12
    IM/NorESM2-MM
 Processing 1984-03-08_18
    IM/NorESM2-MM
 Processing 1984-03-09_00
    IM/NorESM2-MM
 Processing 1984-03-09_06
    IM/NorESM2-MM
 Processing 1984-03-09_12
    IM/NorESM2-MM
 Processing 1984-03-09_18
    IM/NorESM2-MM
 Processing 1984-03-10_00
    IM/NorESM2-MM
 Processing 1984-03-10_06
    IM/NorESM2-MM
 Processing 1984-03-10_12
    IM/NorESM2-MM
 Processing 1984-03-10_18
    IM/NorESM2-MM
 Processing 1984-03-11_00
    IM/NorESM2-MM
 Processing 1984-03-11_06
    IM/NorESM2-MM
 Processing 1984-03-11_12
    IM/NorESM2-MM
 Processing 1984-03-11_18
    IM/NorESM2-MM
 Processing 1984-03-12_00
    IM/NorESM2-MM
 Processing 1984-03-12_06
    IM/NorESM2-MM
 Processing 1984-03-12_12
    IM/NorESM2-MM
 Processing 1984-03-12_18
    IM/NorESM2-MM
 Processing 1984-03-13_00
    IM/NorESM2-MM
 Processing 1984-03-13_06
    IM/NorESM2-MM
 Processing 1984-03-13_12
    IM/NorESM2-MM
 Processing 1984-03-13_18
    IM/NorESM2-MM
 Processing 1984-03-14_00
    IM/NorESM2-MM
 Processing 1984-03-14_06
    IM/NorESM2-MM
 Processing 1984-03-14_12
    IM/NorESM2-MM
 Processing 1984-03-14_18
    IM/NorESM2-MM
 Processing 1984-03-15_00
    IM/NorESM2-MM
 Processing 1984-03-15_06
    IM/NorESM2-MM
 Processing 1984-03-15_12
    IM/NorESM2-MM
 Processing 1984-03-15_18
    IM/NorESM2-MM
 Processing 1984-03-16_00
    IM/NorESM2-MM
 Processing 1984-03-16_06
    IM/NorESM2-MM
 Processing 1984-03-16_12
    IM/NorESM2-MM
 Processing 1984-03-16_18
    IM/NorESM2-MM
 Processing 1984-03-17_00
    IM/NorESM2-MM
 Processing 1984-03-17_06
    IM/NorESM2-MM
 Processing 1984-03-17_12
    IM/NorESM2-MM
 Processing 1984-03-17_18
    IM/NorESM2-MM
 Processing 1984-03-18_00
    IM/NorESM2-MM
 Processing 1984-03-18_06
    IM/NorESM2-MM
 Processing 1984-03-18_12
    IM/NorESM2-MM
 Processing 1984-03-18_18
    IM/NorESM2-MM
 Processing 1984-03-19_00
    IM/NorESM2-MM
 Processing 1984-03-19_06
    IM/NorESM2-MM
 Processing 1984-03-19_12
    IM/NorESM2-MM
 Processing 1984-03-19_18
    IM/NorESM2-MM
 Processing 1984-03-20_00
    IM/NorESM2-MM
 Processing 1984-03-20_06
    IM/NorESM2-MM
 Processing 1984-03-20_12
    IM/NorESM2-MM
 Processing 1984-03-20_18
    IM/NorESM2-MM
 Processing 1984-03-21_00
    IM/NorESM2-MM
 Processing 1984-03-21_06
    IM/NorESM2-MM
 Processing 1984-03-21_12
    IM/NorESM2-MM
 Processing 1984-03-21_18
    IM/NorESM2-MM
 Processing 1984-03-22_00
    IM/NorESM2-MM
 Processing 1984-03-22_06
    IM/NorESM2-MM
 Processing 1984-03-22_12
    IM/NorESM2-MM
 Processing 1984-03-22_18
    IM/NorESM2-MM
 Processing 1984-03-23_00
    IM/NorESM2-MM
 Processing 1984-03-23_06
    IM/NorESM2-MM
 Processing 1984-03-23_12
    IM/NorESM2-MM
 Processing 1984-03-23_18
    IM/NorESM2-MM
 Processing 1984-03-24_00
    IM/NorESM2-MM
 Processing 1984-03-24_06
    IM/NorESM2-MM
 Processing 1984-03-24_12
    IM/NorESM2-MM
 Processing 1984-03-24_18
    IM/NorESM2-MM
 Processing 1984-03-25_00
    IM/NorESM2-MM
 Processing 1984-03-25_06
    IM/NorESM2-MM
 Processing 1984-03-25_12
    IM/NorESM2-MM
 Processing 1984-03-25_18
    IM/NorESM2-MM
 Processing 1984-03-26_00
    IM/NorESM2-MM
 Processing 1984-03-26_06
    IM/NorESM2-MM
 Processing 1984-03-26_12
    IM/NorESM2-MM
 Processing 1984-03-26_18
    IM/NorESM2-MM
 Processing 1984-03-27_00
    IM/NorESM2-MM
 Processing 1984-03-27_06
    IM/NorESM2-MM
 Processing 1984-03-27_12
    IM/NorESM2-MM
 Processing 1984-03-27_18
    IM/NorESM2-MM
 Processing 1984-03-28_00
    IM/NorESM2-MM
 Processing 1984-03-28_06
    IM/NorESM2-MM
 Processing 1984-03-28_12
    IM/NorESM2-MM
 Processing 1984-03-28_18
    IM/NorESM2-MM
 Processing 1984-03-29_00
    IM/NorESM2-MM
 Processing 1984-03-29_06
    IM/NorESM2-MM
 Processing 1984-03-29_12
    IM/NorESM2-MM
 Processing 1984-03-29_18
    IM/NorESM2-MM
 Processing 1984-03-30_00
    IM/NorESM2-MM
 Processing 1984-03-30_06
    IM/NorESM2-MM
 Processing 1984-03-30_12
    IM/NorESM2-MM
 Processing 1984-03-30_18
    IM/NorESM2-MM
 Processing 1984-03-31_00
    IM/NorESM2-MM
 Processing 1984-03-31_06
    IM/NorESM2-MM
 Processing 1984-03-31_12
    IM/NorESM2-MM
 Processing 1984-03-31_18
    IM/NorESM2-MM
Processing domain 2 of 2
 Processing 1984-01-01_06
    IM/NorESM2-MM
 Processing 1984-01-01_12
    IM/NorESM2-MM
 Processing 1984-01-01_18
    IM/NorESM2-MM
 Processing 1984-01-02_00
    IM/NorESM2-MM
 Processing 1984-01-02_06
    IM/NorESM2-MM
 Processing 1984-01-02_12
    IM/NorESM2-MM
 Processing 1984-01-02_18
    IM/NorESM2-MM
 Processing 1984-01-03_00
    IM/NorESM2-MM
 Processing 1984-01-03_06
    IM/NorESM2-MM
 Processing 1984-01-03_12
    IM/NorESM2-MM
 Processing 1984-01-03_18
    IM/NorESM2-MM
 Processing 1984-01-04_00
    IM/NorESM2-MM
 Processing 1984-01-04_06
    IM/NorESM2-MM
 Processing 1984-01-04_12
    IM/NorESM2-MM
 Processing 1984-01-04_18
    IM/NorESM2-MM
 Processing 1984-01-05_00
    IM/NorESM2-MM
 Processing 1984-01-05_06
    IM/NorESM2-MM
 Processing 1984-01-05_12
    IM/NorESM2-MM
 Processing 1984-01-05_18
    IM/NorESM2-MM
 Processing 1984-01-06_00
    IM/NorESM2-MM
 Processing 1984-01-06_06
    IM/NorESM2-MM
 Processing 1984-01-06_12
    IM/NorESM2-MM
 Processing 1984-01-06_18
    IM/NorESM2-MM
 Processing 1984-01-07_00
    IM/NorESM2-MM
 Processing 1984-01-07_06
    IM/NorESM2-MM
 Processing 1984-01-07_12
    IM/NorESM2-MM
 Processing 1984-01-07_18
    IM/NorESM2-MM
 Processing 1984-01-08_00
    IM/NorESM2-MM
 Processing 1984-01-08_06
    IM/NorESM2-MM
 Processing 1984-01-08_12
    IM/NorESM2-MM
 Processing 1984-01-08_18
    IM/NorESM2-MM
 Processing 1984-01-09_00
    IM/NorESM2-MM
 Processing 1984-01-09_06
    IM/NorESM2-MM
 Processing 1984-01-09_12
    IM/NorESM2-MM
 Processing 1984-01-09_18
    IM/NorESM2-MM
 Processing 1984-01-10_00
    IM/NorESM2-MM
 Processing 1984-01-10_06
    IM/NorESM2-MM
 Processing 1984-01-10_12
    IM/NorESM2-MM
 Processing 1984-01-10_18
    IM/NorESM2-MM
 Processing 1984-01-11_00
    IM/NorESM2-MM
 Processing 1984-01-11_06
    IM/NorESM2-MM
 Processing 1984-01-11_12
    IM/NorESM2-MM
 Processing 1984-01-11_18
    IM/NorESM2-MM
 Processing 1984-01-12_00
    IM/NorESM2-MM
 Processing 1984-01-12_06
    IM/NorESM2-MM
 Processing 1984-01-12_12
    IM/NorESM2-MM
 Processing 1984-01-12_18
    IM/NorESM2-MM
 Processing 1984-01-13_00
    IM/NorESM2-MM
 Processing 1984-01-13_06
    IM/NorESM2-MM
 Processing 1984-01-13_12
    IM/NorESM2-MM
 Processing 1984-01-13_18
    IM/NorESM2-MM
 Processing 1984-01-14_00
    IM/NorESM2-MM
 Processing 1984-01-14_06
    IM/NorESM2-MM
 Processing 1984-01-14_12
    IM/NorESM2-MM
 Processing 1984-01-14_18
    IM/NorESM2-MM
 Processing 1984-01-15_00
    IM/NorESM2-MM
 Processing 1984-01-15_06
    IM/NorESM2-MM
 Processing 1984-01-15_12
    IM/NorESM2-MM
 Processing 1984-01-15_18
    IM/NorESM2-MM
 Processing 1984-01-16_00
    IM/NorESM2-MM
 Processing 1984-01-16_06
    IM/NorESM2-MM
 Processing 1984-01-16_12
    IM/NorESM2-MM
 Processing 1984-01-16_18
    IM/NorESM2-MM
 Processing 1984-01-17_00
    IM/NorESM2-MM
 Processing 1984-01-17_06
    IM/NorESM2-MM
 Processing 1984-01-17_12
    IM/NorESM2-MM
 Processing 1984-01-17_18
    IM/NorESM2-MM
 Processing 1984-01-18_00
    IM/NorESM2-MM
 Processing 1984-01-18_06
    IM/NorESM2-MM
 Processing 1984-01-18_12
    IM/NorESM2-MM
 Processing 1984-01-18_18
    IM/NorESM2-MM
 Processing 1984-01-19_00
    IM/NorESM2-MM
 Processing 1984-01-19_06
    IM/NorESM2-MM
 Processing 1984-01-19_12
    IM/NorESM2-MM
 Processing 1984-01-19_18
    IM/NorESM2-MM
 Processing 1984-01-20_00
    IM/NorESM2-MM
 Processing 1984-01-20_06
    IM/NorESM2-MM
 Processing 1984-01-20_12
    IM/NorESM2-MM
 Processing 1984-01-20_18
    IM/NorESM2-MM
 Processing 1984-01-21_00
    IM/NorESM2-MM
 Processing 1984-01-21_06
    IM/NorESM2-MM
 Processing 1984-01-21_12
    IM/NorESM2-MM
 Processing 1984-01-21_18
    IM/NorESM2-MM
 Processing 1984-01-22_00
    IM/NorESM2-MM
 Processing 1984-01-22_06
    IM/NorESM2-MM
 Processing 1984-01-22_12
    IM/NorESM2-MM
 Processing 1984-01-22_18
    IM/NorESM2-MM
 Processing 1984-01-23_00
    IM/NorESM2-MM
 Processing 1984-01-23_06
    IM/NorESM2-MM
 Processing 1984-01-23_12
    IM/NorESM2-MM
 Processing 1984-01-23_18
    IM/NorESM2-MM
 Processing 1984-01-24_00
    IM/NorESM2-MM
 Processing 1984-01-24_06
    IM/NorESM2-MM
 Processing 1984-01-24_12
    IM/NorESM2-MM
 Processing 1984-01-24_18
    IM/NorESM2-MM
 Processing 1984-01-25_00
    IM/NorESM2-MM
 Processing 1984-01-25_06
    IM/NorESM2-MM
 Processing 1984-01-25_12
    IM/NorESM2-MM
 Processing 1984-01-25_18
    IM/NorESM2-MM
 Processing 1984-01-26_00
    IM/NorESM2-MM
 Processing 1984-01-26_06
    IM/NorESM2-MM
 Processing 1984-01-26_12
    IM/NorESM2-MM
 Processing 1984-01-26_18
    IM/NorESM2-MM
 Processing 1984-01-27_00
    IM/NorESM2-MM
 Processing 1984-01-27_06
    IM/NorESM2-MM
 Processing 1984-01-27_12
    IM/NorESM2-MM
 Processing 1984-01-27_18
    IM/NorESM2-MM
 Processing 1984-01-28_00
    IM/NorESM2-MM
 Processing 1984-01-28_06
    IM/NorESM2-MM
 Processing 1984-01-28_12
    IM/NorESM2-MM
 Processing 1984-01-28_18
    IM/NorESM2-MM
 Processing 1984-01-29_00
    IM/NorESM2-MM
 Processing 1984-01-29_06
    IM/NorESM2-MM
 Processing 1984-01-29_12
    IM/NorESM2-MM
 Processing 1984-01-29_18
    IM/NorESM2-MM
 Processing 1984-01-30_00
    IM/NorESM2-MM
 Processing 1984-01-30_06
    IM/NorESM2-MM
 Processing 1984-01-30_12
    IM/NorESM2-MM
 Processing 1984-01-30_18
    IM/NorESM2-MM
 Processing 1984-01-31_00
    IM/NorESM2-MM
 Processing 1984-01-31_06
    IM/NorESM2-MM
 Processing 1984-01-31_12
    IM/NorESM2-MM
 Processing 1984-01-31_18
    IM/NorESM2-MM
 Processing 1984-02-01_00
    IM/NorESM2-MM
 Processing 1984-02-01_06
    IM/NorESM2-MM
 Processing 1984-02-01_12
    IM/NorESM2-MM
 Processing 1984-02-01_18
    IM/NorESM2-MM
 Processing 1984-02-02_00
    IM/NorESM2-MM
 Processing 1984-02-02_06
    IM/NorESM2-MM
 Processing 1984-02-02_12
    IM/NorESM2-MM
 Processing 1984-02-02_18
    IM/NorESM2-MM
 Processing 1984-02-03_00
    IM/NorESM2-MM
 Processing 1984-02-03_06
    IM/NorESM2-MM
 Processing 1984-02-03_12
    IM/NorESM2-MM
 Processing 1984-02-03_18
    IM/NorESM2-MM
 Processing 1984-02-04_00
    IM/NorESM2-MM
 Processing 1984-02-04_06
    IM/NorESM2-MM
 Processing 1984-02-04_12
    IM/NorESM2-MM
 Processing 1984-02-04_18
    IM/NorESM2-MM
 Processing 1984-02-05_00
    IM/NorESM2-MM
 Processing 1984-02-05_06
    IM/NorESM2-MM
 Processing 1984-02-05_12
    IM/NorESM2-MM
 Processing 1984-02-05_18
    IM/NorESM2-MM
 Processing 1984-02-06_00
    IM/NorESM2-MM
 Processing 1984-02-06_06
    IM/NorESM2-MM
 Processing 1984-02-06_12
    IM/NorESM2-MM
 Processing 1984-02-06_18
    IM/NorESM2-MM
 Processing 1984-02-07_00
    IM/NorESM2-MM
 Processing 1984-02-07_06
    IM/NorESM2-MM
 Processing 1984-02-07_12
    IM/NorESM2-MM
 Processing 1984-02-07_18
    IM/NorESM2-MM
 Processing 1984-02-08_00
    IM/NorESM2-MM
 Processing 1984-02-08_06
    IM/NorESM2-MM
 Processing 1984-02-08_12
    IM/NorESM2-MM
 Processing 1984-02-08_18
    IM/NorESM2-MM
 Processing 1984-02-09_00
    IM/NorESM2-MM
 Processing 1984-02-09_06
    IM/NorESM2-MM
 Processing 1984-02-09_12
    IM/NorESM2-MM
 Processing 1984-02-09_18
    IM/NorESM2-MM
 Processing 1984-02-10_00
    IM/NorESM2-MM
 Processing 1984-02-10_06
    IM/NorESM2-MM
 Processing 1984-02-10_12
    IM/NorESM2-MM
 Processing 1984-02-10_18
    IM/NorESM2-MM
 Processing 1984-02-11_00
    IM/NorESM2-MM
 Processing 1984-02-11_06
    IM/NorESM2-MM
 Processing 1984-02-11_12
    IM/NorESM2-MM
 Processing 1984-02-11_18
    IM/NorESM2-MM
 Processing 1984-02-12_00
    IM/NorESM2-MM
 Processing 1984-02-12_06
    IM/NorESM2-MM
 Processing 1984-02-12_12
    IM/NorESM2-MM
 Processing 1984-02-12_18
    IM/NorESM2-MM
 Processing 1984-02-13_00
    IM/NorESM2-MM
 Processing 1984-02-13_06
    IM/NorESM2-MM
 Processing 1984-02-13_12
    IM/NorESM2-MM
 Processing 1984-02-13_18
    IM/NorESM2-MM
 Processing 1984-02-14_00
    IM/NorESM2-MM
 Processing 1984-02-14_06
    IM/NorESM2-MM
 Processing 1984-02-14_12
    IM/NorESM2-MM
 Processing 1984-02-14_18
    IM/NorESM2-MM
 Processing 1984-02-15_00
    IM/NorESM2-MM
 Processing 1984-02-15_06
    IM/NorESM2-MM
 Processing 1984-02-15_12
    IM/NorESM2-MM
 Processing 1984-02-15_18
    IM/NorESM2-MM
 Processing 1984-02-16_00
    IM/NorESM2-MM
 Processing 1984-02-16_06
    IM/NorESM2-MM
 Processing 1984-02-16_12
    IM/NorESM2-MM
 Processing 1984-02-16_18
    IM/NorESM2-MM
 Processing 1984-02-17_00
    IM/NorESM2-MM
 Processing 1984-02-17_06
    IM/NorESM2-MM
 Processing 1984-02-17_12
    IM/NorESM2-MM
 Processing 1984-02-17_18
    IM/NorESM2-MM
 Processing 1984-02-18_00
    IM/NorESM2-MM
 Processing 1984-02-18_06
    IM/NorESM2-MM
 Processing 1984-02-18_12
    IM/NorESM2-MM
 Processing 1984-02-18_18
    IM/NorESM2-MM
 Processing 1984-02-19_00
    IM/NorESM2-MM
 Processing 1984-02-19_06
    IM/NorESM2-MM
 Processing 1984-02-19_12
    IM/NorESM2-MM
 Processing 1984-02-19_18
    IM/NorESM2-MM
 Processing 1984-02-20_00
    IM/NorESM2-MM
 Processing 1984-02-20_06
    IM/NorESM2-MM
 Processing 1984-02-20_12
    IM/NorESM2-MM
 Processing 1984-02-20_18
    IM/NorESM2-MM
 Processing 1984-02-21_00
    IM/NorESM2-MM
 Processing 1984-02-21_06
    IM/NorESM2-MM
 Processing 1984-02-21_12
    IM/NorESM2-MM
 Processing 1984-02-21_18
    IM/NorESM2-MM
 Processing 1984-02-22_00
    IM/NorESM2-MM
 Processing 1984-02-22_06
    IM/NorESM2-MM
 Processing 1984-02-22_12
    IM/NorESM2-MM
 Processing 1984-02-22_18
    IM/NorESM2-MM
 Processing 1984-02-23_00
    IM/NorESM2-MM
 Processing 1984-02-23_06
    IM/NorESM2-MM
 Processing 1984-02-23_12
    IM/NorESM2-MM
 Processing 1984-02-23_18
    IM/NorESM2-MM
 Processing 1984-02-24_00
    IM/NorESM2-MM
 Processing 1984-02-24_06
    IM/NorESM2-MM
 Processing 1984-02-24_12
    IM/NorESM2-MM
 Processing 1984-02-24_18
    IM/NorESM2-MM
 Processing 1984-02-25_00
    IM/NorESM2-MM
 Processing 1984-02-25_06
    IM/NorESM2-MM
 Processing 1984-02-25_12
    IM/NorESM2-MM
 Processing 1984-02-25_18
    IM/NorESM2-MM
 Processing 1984-02-26_00
    IM/NorESM2-MM
 Processing 1984-02-26_06
    IM/NorESM2-MM
 Processing 1984-02-26_12
    IM/NorESM2-MM
 Processing 1984-02-26_18
    IM/NorESM2-MM
 Processing 1984-02-27_00
    IM/NorESM2-MM
 Processing 1984-02-27_06
    IM/NorESM2-MM
 Processing 1984-02-27_12
    IM/NorESM2-MM
 Processing 1984-02-27_18
    IM/NorESM2-MM
 Processing 1984-02-28_00
    IM/NorESM2-MM
 Processing 1984-02-28_06
    IM/NorESM2-MM
 Processing 1984-02-28_12
    IM/NorESM2-MM
 Processing 1984-02-28_18
    IM/NorESM2-MM
 Processing 1984-03-01_00
    IM/NorESM2-MM
 Processing 1984-03-01_06
    IM/NorESM2-MM
 Processing 1984-03-01_12
    IM/NorESM2-MM
 Processing 1984-03-01_18
    IM/NorESM2-MM
 Processing 1984-03-02_00
    IM/NorESM2-MM
 Processing 1984-03-02_06
    IM/NorESM2-MM
 Processing 1984-03-02_12
    IM/NorESM2-MM
 Processing 1984-03-02_18
    IM/NorESM2-MM
 Processing 1984-03-03_00
    IM/NorESM2-MM
 Processing 1984-03-03_06
    IM/NorESM2-MM
 Processing 1984-03-03_12
    IM/NorESM2-MM
 Processing 1984-03-03_18
    IM/NorESM2-MM
 Processing 1984-03-04_00
    IM/NorESM2-MM
 Processing 1984-03-04_06
    IM/NorESM2-MM
 Processing 1984-03-04_12
    IM/NorESM2-MM
 Processing 1984-03-04_18
    IM/NorESM2-MM
 Processing 1984-03-05_00
    IM/NorESM2-MM
 Processing 1984-03-05_06
    IM/NorESM2-MM
 Processing 1984-03-05_12
    IM/NorESM2-MM
 Processing 1984-03-05_18
    IM/NorESM2-MM
 Processing 1984-03-06_00
    IM/NorESM2-MM
 Processing 1984-03-06_06
    IM/NorESM2-MM
 Processing 1984-03-06_12
    IM/NorESM2-MM
 Processing 1984-03-06_18
    IM/NorESM2-MM
 Processing 1984-03-07_00
    IM/NorESM2-MM
 Processing 1984-03-07_06
    IM/NorESM2-MM
 Processing 1984-03-07_12
    IM/NorESM2-MM
 Processing 1984-03-07_18
    IM/NorESM2-MM
 Processing 1984-03-08_00
    IM/NorESM2-MM
 Processing 1984-03-08_06
    IM/NorESM2-MM
 Processing 1984-03-08_12
    IM/NorESM2-MM
 Processing 1984-03-08_18
    IM/NorESM2-MM
 Processing 1984-03-09_00
    IM/NorESM2-MM
 Processing 1984-03-09_06
    IM/NorESM2-MM
 Processing 1984-03-09_12
    IM/NorESM2-MM
 Processing 1984-03-09_18
    IM/NorESM2-MM
 Processing 1984-03-10_00
    IM/NorESM2-MM
 Processing 1984-03-10_06
    IM/NorESM2-MM
 Processing 1984-03-10_12
    IM/NorESM2-MM
 Processing 1984-03-10_18
    IM/NorESM2-MM
 Processing 1984-03-11_00
    IM/NorESM2-MM
 Processing 1984-03-11_06
    IM/NorESM2-MM
 Processing 1984-03-11_12
    IM/NorESM2-MM
 Processing 1984-03-11_18
    IM/NorESM2-MM
 Processing 1984-03-12_00
    IM/NorESM2-MM
 Processing 1984-03-12_06
    IM/NorESM2-MM
 Processing 1984-03-12_12
    IM/NorESM2-MM
 Processing 1984-03-12_18
    IM/NorESM2-MM
 Processing 1984-03-13_00
    IM/NorESM2-MM
 Processing 1984-03-13_06
    IM/NorESM2-MM
 Processing 1984-03-13_12
    IM/NorESM2-MM
 Processing 1984-03-13_18
    IM/NorESM2-MM
 Processing 1984-03-14_00
    IM/NorESM2-MM
 Processing 1984-03-14_06
    IM/NorESM2-MM
 Processing 1984-03-14_12
    IM/NorESM2-MM
 Processing 1984-03-14_18
    IM/NorESM2-MM
 Processing 1984-03-15_00
    IM/NorESM2-MM
 Processing 1984-03-15_06
    IM/NorESM2-MM
 Processing 1984-03-15_12
    IM/NorESM2-MM
 Processing 1984-03-15_18
    IM/NorESM2-MM
 Processing 1984-03-16_00
    IM/NorESM2-MM
 Processing 1984-03-16_06
    IM/NorESM2-MM
 Processing 1984-03-16_12
    IM/NorESM2-MM
 Processing 1984-03-16_18
    IM/NorESM2-MM
 Processing 1984-03-17_00
    IM/NorESM2-MM
 Processing 1984-03-17_06
    IM/NorESM2-MM
 Processing 1984-03-17_12
    IM/NorESM2-MM
 Processing 1984-03-17_18
    IM/NorESM2-MM
 Processing 1984-03-18_00
    IM/NorESM2-MM
 Processing 1984-03-18_06
    IM/NorESM2-MM
 Processing 1984-03-18_12
    IM/NorESM2-MM
 Processing 1984-03-18_18
    IM/NorESM2-MM
 Processing 1984-03-19_00
    IM/NorESM2-MM
 Processing 1984-03-19_06
    IM/NorESM2-MM
 Processing 1984-03-19_12
    IM/NorESM2-MM
 Processing 1984-03-19_18
    IM/NorESM2-MM
 Processing 1984-03-20_00
    IM/NorESM2-MM
 Processing 1984-03-20_06
    IM/NorESM2-MM
 Processing 1984-03-20_12
    IM/NorESM2-MM
 Processing 1984-03-20_18
    IM/NorESM2-MM
 Processing 1984-03-21_00
    IM/NorESM2-MM
 Processing 1984-03-21_06
    IM/NorESM2-MM
 Processing 1984-03-21_12
    IM/NorESM2-MM
 Processing 1984-03-21_18
    IM/NorESM2-MM
 Processing 1984-03-22_00
    IM/NorESM2-MM
 Processing 1984-03-22_06
    IM/NorESM2-MM
 Processing 1984-03-22_12
    IM/NorESM2-MM
 Processing 1984-03-22_18
    IM/NorESM2-MM
 Processing 1984-03-23_00
    IM/NorESM2-MM
 Processing 1984-03-23_06
    IM/NorESM2-MM
 Processing 1984-03-23_12
    IM/NorESM2-MM
 Processing 1984-03-23_18
    IM/NorESM2-MM
 Processing 1984-03-24_00
    IM/NorESM2-MM
 Processing 1984-03-24_06
    IM/NorESM2-MM
 Processing 1984-03-24_12
    IM/NorESM2-MM
 Processing 1984-03-24_18
    IM/NorESM2-MM
 Processing 1984-03-25_00
    IM/NorESM2-MM
 Processing 1984-03-25_06
    IM/NorESM2-MM
 Processing 1984-03-25_12
    IM/NorESM2-MM
 Processing 1984-03-25_18
    IM/NorESM2-MM
 Processing 1984-03-26_00
    IM/NorESM2-MM
 Processing 1984-03-26_06
    IM/NorESM2-MM
 Processing 1984-03-26_12
    IM/NorESM2-MM
 Processing 1984-03-26_18
    IM/NorESM2-MM
 Processing 1984-03-27_00
    IM/NorESM2-MM
 Processing 1984-03-27_06
    IM/NorESM2-MM
 Processing 1984-03-27_12
    IM/NorESM2-MM
 Processing 1984-03-27_18
    IM/NorESM2-MM
 Processing 1984-03-28_00
    IM/NorESM2-MM
 Processing 1984-03-28_06
    IM/NorESM2-MM
 Processing 1984-03-28_12
    IM/NorESM2-MM
 Processing 1984-03-28_18
    IM/NorESM2-MM
 Processing 1984-03-29_00
    IM/NorESM2-MM
 Processing 1984-03-29_06
    IM/NorESM2-MM
 Processing 1984-03-29_12
    IM/NorESM2-MM
 Processing 1984-03-29_18
    IM/NorESM2-MM
 Processing 1984-03-30_00
    IM/NorESM2-MM
 Processing 1984-03-30_06
    IM/NorESM2-MM
 Processing 1984-03-30_12
    IM/NorESM2-MM
 Processing 1984-03-30_18
    IM/NorESM2-MM
 Processing 1984-03-31_00
    IM/NorESM2-MM
 Processing 1984-03-31_06
    IM/NorESM2-MM
 Processing 1984-03-31_12
    IM/NorESM2-MM
 Processing 1984-03-31_18
    IM/NorESM2-MM
!!!!!!!!!!!!!!!!!!!!!!!!!!!!!!!!!!!!!!!
!  Successful completion of metgrid.  !
!!!!!!!!!!!!!!!!!!!!!!!!!!!!!!!!!!!!!!!
