Starting job 203122 on b[5188-5190,5192] at Thu Jul 15 16:57:47 CEST 2021

Copying geo_em.d01.nc to /cluster/home/tylo/noresm2-mm/iompi-2020b/wps
rsync: link_stat "/cluster/work/jobs/203122/geo_em.d01.nc" failed: No such file or directory (2)
rsync error: some files/attrs were not transferred (see previous errors) (code 23) at main.c(1178) [sender=3.1.2]
Copying geo_em.d02.nc to /cluster/home/tylo/noresm2-mm/iompi-2020b/wps
rsync: link_stat "/cluster/work/jobs/203122/geo_em.d02.nc" failed: No such file or directory (2)
rsync error: some files/attrs were not transferred (see previous errors) (code 23) at main.c(1178) [sender=3.1.2]

Task and CPU usage stats:
       JobID    JobName  AllocCPUS   NTasks     MinCPU MinCPUTask     AveCPU    Elapsed ExitCode 
------------ ---------- ---------- -------- ---------- ---------- ---------- ---------- -------- 
203122       metgrid_t+        512                                             00:00:37     32:0 
203122.batch      batch        128        1   00:00:00          0   00:00:00   00:00:37     32:0 
203122.exte+     extern        512        4   00:00:00          3   00:00:00   00:00:37      0:0 

Memory usage stats:
       JobID     MaxRSS MaxRSSTask     AveRSS MaxPages   MaxPagesTask   AvePages 
------------ ---------- ---------- ---------- -------- -------------- ---------- 
203122                                                                           
203122.batch     35689K          0     35689K       33              0         33 
203122.exte+       802K          3     816896        3              3          1 

Disk usage stats:
       JobID  MaxDiskRead MaxDiskReadTask    AveDiskRead MaxDiskWrite MaxDiskWriteTask   AveDiskWrite 
------------ ------------ --------------- -------------- ------------ ---------------- -------------- 
203122                                                                                                
203122.batch       13.35M               0         13.35M        0.25M                0          0.25M 
203122.exte+        0.00M               3          0.00M            0                3              0 

Job 203122 completed at Thu Jul 15 16:58:25 CEST 2021
